{"level":"info","message":"03fc9aad-0e35-49dc-9924-90312d2257c6","timeStamp":"2022-07-30T10:54:00.060Z","to":{"id":2},"user":{"id":1}}
{"level":"info","message":"85c6823a-d0d5-4c29-b6d8-bca5eb39e3e5","timeStamp":"2022-07-30T10:54:00.066Z","to":{"id":3},"user":{"id":1}}
{"level":"info","message":"ecb752e7-3bbe-4bcb-ba6c-8cc388459d94","timeStamp":"2022-07-30T10:54:00.076Z","to":{"id":3},"user":{"id":1}}
{"level":"info","message":"e66ddb93-7bf5-4fd4-9c61-e01ec8823243","timeStamp":"2022-07-30T10:54:00.078Z","to":{"id":1},"user":{"id":1}}
{"level":"info","message":"04e9ba0d-f6c4-4988-b30b-ba231c5289b0","timeStamp":"2022-07-30T10:54:00.079Z","to":{"id":5},"user":{"id":1}}
{"level":"info","message":"2323d966-97b2-4895-acf0-759bfb6abaee","timeStamp":"2022-07-30T10:54:00.081Z","to":{"id":1},"user":{"id":1}}
{"level":"info","message":"bd934f69-910f-4682-9919-fab6742e209f","timeStamp":"2022-07-30T10:54:00.087Z","to":{"id":5},"user":{"id":1}}
{"level":"info","message":"7ef45c68-9fc9-4ef3-be31-d01de8e99011","timeStamp":"2022-07-30T10:54:00.102Z","to":{"id":3},"user":{"id":1}}
{"level":"info","message":"15283a50-953d-472e-9ae8-941f9abbcbe4","timeStamp":"2022-07-30T10:54:00.104Z","to":{"id":5},"user":{"id":1}}
{"level":"info","message":"dce265e3-6591-48c2-b6be-5a03b64f80f2","timeStamp":"2022-07-30T10:54:00.105Z","to":{"id":5},"user":{"id":1}}
{"level":"info","message":"d302de8b-75c7-494a-989e-ba01b2e60813","timeStamp":"2022-07-30T10:54:00.106Z","to":{"id":3},"user":{"id":1}}
{"level":"info","message":"6529a515-5bc5-477d-8ceb-7b2bdf162d9e","timeStamp":"2022-07-30T10:54:00.107Z","to":{"id":4},"user":{"id":1}}
{"level":"info","message":"b5824d3d-ba1a-4d74-8891-a1acc7c3c72c","timeStamp":"2022-07-30T10:54:00.109Z","to":{"id":2},"user":{"id":1}}
{"level":"info","message":"76fe21dd-1a65-4790-88d3-5696cffa32d8","timeStamp":"2022-07-30T10:54:00.109Z","to":{"id":4},"user":{"id":1}}
{"level":"info","message":"ec9359c8-fa15-4118-89f9-53def14b0819","timeStamp":"2022-07-30T10:54:00.118Z","to":{"id":2},"user":{"id":1}}
{"level":"info","message":"55900301-b1d3-4de6-bda5-4631e2b24b37","timeStamp":"2022-07-30T10:54:00.134Z","to":{"id":5},"user":{"id":1}}
{"level":"info","message":"f6e36464-051d-4881-9947-1669c7a08c36","timeStamp":"2022-07-30T10:54:00.150Z","to":{"id":2},"user":{"id":1}}
{"level":"info","message":"1a8642bb-81c2-47e4-8226-fb2ac9368099","timeStamp":"2022-07-30T10:54:00.166Z","to":{"id":1},"user":{"id":1}}
{"level":"info","message":"3a80710c-672f-4af0-a17a-7e173ff36547","timeStamp":"2022-07-30T10:54:00.167Z","to":{"id":1},"user":{"id":1}}
{"level":"info","message":"da5c30eb-2d79-4324-85b7-4da0a5d4d4a8","timeStamp":"2022-07-30T10:54:00.168Z","to":{"id":4},"user":{"id":1}}
{"level":"info","message":"2f7e60fc-2279-4bb0-b2e8-cca487905f27","timeStamp":"2022-07-30T10:54:00.182Z","to":{"id":5},"user":{"id":1}}
{"level":"info","message":"387e0a23-ca16-4be2-8b91-029093d856fc","timeStamp":"2022-07-30T10:54:00.200Z","to":{"id":3},"user":{"id":1}}
{"level":"info","message":"293c2122-ca00-4c11-8700-446500a5269c","timeStamp":"2022-07-30T10:54:00.214Z","to":{"id":4},"user":{"id":1}}
{"level":"info","message":"f8a984b5-32fc-49ef-b1fc-02a0247d2554","timeStamp":"2022-07-30T10:54:00.232Z","to":{"id":4},"user":{"id":1}}
{"level":"info","message":"ab585169-18ec-4593-bffc-1e66b3b5ab0a","timeStamp":"2022-07-30T10:54:00.235Z","to":{"id":2},"user":{"id":1}}
{"level":"info","message":"42f8581a-63a8-41e6-96a1-e5ac7f9d0411","timeStamp":"2022-07-30T10:54:00.247Z","to":{"id":3},"user":{"id":1}}
{"level":"info","message":"5af41fe5-cef6-43fd-9ebe-465ceb908d1f","timeStamp":"2022-07-30T10:54:00.261Z","to":{"id":3},"user":{"id":1}}
{"level":"info","message":"abe8afe9-5e91-4a54-ac17-c90d7ac4cd35","timeStamp":"2022-07-30T10:54:00.277Z","to":{"id":4},"user":{"id":1}}
{"level":"info","message":"b608a55b-5679-4a29-8c25-940ffbfd54f9","timeStamp":"2022-07-30T10:54:00.278Z","to":{"id":4},"user":{"id":1}}
{"level":"info","message":"0344b134-8710-4bd7-b734-00a69fd676bc","timeStamp":"2022-07-30T10:54:00.280Z","to":{"id":2},"user":{"id":1}}
{"level":"info","message":"9ac1b2f5-66f2-4ff3-bf6d-bba43f916335","timeStamp":"2022-07-30T10:54:00.280Z","to":{"id":5},"user":{"id":1}}
{"level":"info","message":"276ad796-05e0-4d5c-8dfc-d9e4d60e08dd","timeStamp":"2022-07-30T10:54:00.292Z","to":{"id":1},"user":{"id":1}}
{"level":"info","message":"47caf5d9-3595-403c-b2e7-c56e4b83fe03","timeStamp":"2022-07-30T10:54:00.308Z","to":{"id":4},"user":{"id":1}}
{"level":"info","message":"02c5432b-a39a-4231-90ff-8e519c881646","timeStamp":"2022-07-30T10:54:00.325Z","to":{"id":3},"user":{"id":1}}
{"level":"info","message":"b162283d-6879-48e0-a0f8-33724128a025","timeStamp":"2022-07-30T10:54:00.326Z","to":{"id":1},"user":{"id":1}}
{"level":"info","message":"62cda6db-c73d-4829-a5ae-6a3f31c80f28","timeStamp":"2022-07-30T10:54:00.341Z","to":{"id":5},"user":{"id":1}}
{"level":"info","message":"8dd6e9e2-f8de-4c87-ba84-8d83318ae6c6","timeStamp":"2022-07-30T10:54:00.356Z","to":{"id":2},"user":{"id":1}}
{"level":"info","message":"a6235093-045c-44be-b3ac-5e5e33a1be0f","timeStamp":"2022-07-30T10:54:00.370Z","to":{"id":4},"user":{"id":1}}
{"level":"info","message":"640429c6-a65b-43e7-ae0d-c7587ca4764d","timeStamp":"2022-07-30T10:54:00.387Z","to":{"id":4},"user":{"id":1}}
{"level":"info","message":"5d7972a6-b6fd-4536-ac0f-62a1ba364821","timeStamp":"2022-07-30T10:54:00.402Z","to":{"id":1},"user":{"id":1}}
{"level":"info","message":"3cda863a-d32d-4bcf-8ec3-0444db5cb0c0","timeStamp":"2022-07-30T10:54:00.403Z","to":{"id":5},"user":{"id":1}}
{"level":"info","message":"6a93253f-64a5-40a2-aedd-14f148441250","timeStamp":"2022-07-30T10:54:00.418Z","to":{"id":3},"user":{"id":1}}
{"level":"info","message":"8e764d21-a9d2-4175-bc9f-986e1bcd0e8c","timeStamp":"2022-07-30T10:54:00.434Z","to":{"id":4},"user":{"id":1}}
{"level":"info","message":"4b8b9178-999f-4be3-b141-a310969cd791","timeStamp":"2022-07-30T10:54:00.449Z","to":{"id":2},"user":{"id":1}}
{"level":"info","message":"72c984f4-6f65-4b19-a77f-1cd337b1eb4d","timeStamp":"2022-07-30T10:54:00.464Z","to":{"id":2},"user":{"id":1}}
{"level":"info","message":"1d9ff7ab-b9b9-48b3-898f-54e394215b7d","timeStamp":"2022-07-30T10:54:00.465Z","to":{"id":4},"user":{"id":1}}
{"level":"info","message":"76080895-de71-4412-bd0b-72883f731ce9","timeStamp":"2022-07-30T10:54:00.466Z","to":{"id":2},"user":{"id":1}}
{"level":"info","message":"fb1890eb-d93f-4e34-a900-1c318e274f7f","timeStamp":"2022-07-30T10:54:00.481Z","to":{"id":4},"user":{"id":1}}
{"level":"info","message":"715fa00f-04b9-4ff9-b8a1-483537fcbec9","timeStamp":"2022-07-30T10:54:00.496Z","to":{"id":1},"user":{"id":1}}
{"level":"info","message":"0d72be37-b51b-48b6-aebb-068dbffe52c6","timeStamp":"2022-07-30T10:54:00.497Z","to":{"id":1},"user":{"id":1}}
{"level":"info","message":"d7fc7126-2e48-4fb1-ba00-c1de15276fc9","timeStamp":"2022-07-30T10:54:00.498Z","to":{"id":1},"user":{"id":1}}
{"level":"info","message":"085e4c59-776d-43cc-9baa-9e77f8e8aaa8","timeStamp":"2022-07-30T10:54:00.511Z","to":{"id":3},"user":{"id":1}}
{"level":"info","message":"56d3b237-54c7-403d-8a44-748b067731a0","timeStamp":"2022-07-30T10:54:00.526Z","to":{"id":5},"user":{"id":1}}
{"level":"info","message":"972d150b-a5f9-4480-83b8-181c1fab8501","timeStamp":"2022-07-30T10:54:00.527Z","to":{"id":2},"user":{"id":1}}
{"level":"info","message":"9a876963-c17d-4a2c-b981-a480312f0c99","timeStamp":"2022-07-30T10:54:00.528Z","to":{"id":4},"user":{"id":1}}
{"level":"info","message":"4cc119c7-bc4d-4cb3-afc2-96614653bb94","timeStamp":"2022-07-30T10:54:00.542Z","to":{"id":3},"user":{"id":1}}
{"level":"info","message":"c1e466c2-c3ae-4496-8b37-c8c38e5cf572","timeStamp":"2022-07-30T10:54:00.543Z","to":{"id":2},"user":{"id":1}}
{"level":"info","message":"5ae42487-37f5-4473-aa9a-feff656c070f","timeStamp":"2022-07-30T10:54:00.544Z","to":{"id":1},"user":{"id":1}}
{"level":"info","message":"69bd0618-4f5f-4cf1-ba63-408f54927f2e","timeStamp":"2022-07-30T10:54:00.545Z","to":{"id":3},"user":{"id":1}}
{"level":"info","message":"4156ac05-1b39-41bc-810f-d35d0c6ac4ef","timeStamp":"2022-07-30T10:54:00.546Z","to":{"id":4},"user":{"id":1}}
{"level":"info","message":"ba67a395-b701-4114-bd49-f291a095f269","timeStamp":"2022-07-30T10:54:00.558Z","to":{"id":1},"user":{"id":1}}
{"level":"info","message":"ac932c00-f3e9-4f6a-932d-7d1b29109d24","timeStamp":"2022-07-30T10:54:00.574Z","to":{"id":3},"user":{"id":1}}
{"level":"info","message":"36804175-fa17-471d-afb9-d98d008cfc20","timeStamp":"2022-07-30T10:54:00.575Z","to":{"id":1},"user":{"id":1}}
{"level":"info","message":"25788fef-ae3d-4ddc-806c-3b96cd049593","timeStamp":"2022-07-30T10:54:00.576Z","to":{"id":3},"user":{"id":1}}
{"level":"info","message":"30727229-62b7-4976-82e9-29ecffe74c19","timeStamp":"2022-07-30T10:54:00.590Z","to":{"id":4},"user":{"id":1}}
{"level":"info","message":"7fba4b17-b085-4ccc-b971-9bce3981cc57","timeStamp":"2022-07-30T10:54:00.606Z","to":{"id":3},"user":{"id":1}}
{"level":"info","message":"1784cb4c-661b-4d25-92c7-c7b9a9725720","timeStamp":"2022-07-30T10:54:00.607Z","to":{"id":2},"user":{"id":1}}
{"level":"info","message":"ca2cf31d-2a7a-467d-b483-f1d9f6b27b18","timeStamp":"2022-07-30T10:54:00.623Z","to":{"id":4},"user":{"id":1}}
{"level":"info","message":"82370fda-cca5-45cb-b0de-3631626f62da","timeStamp":"2022-07-30T10:54:00.638Z","to":{"id":4},"user":{"id":1}}
{"level":"info","message":"b51b2462-0cf7-4ea3-8973-efc6e5bfb15e","timeStamp":"2022-07-30T10:54:00.639Z","to":{"id":4},"user":{"id":1}}
{"level":"info","message":"4f76e4ab-a34a-41ae-83f1-9fa22096834c","timeStamp":"2022-07-30T10:54:00.640Z","to":{"id":5},"user":{"id":1}}
{"level":"info","message":"09fbd971-afc8-4b50-bb01-a30516a706d9","timeStamp":"2022-07-30T10:54:00.641Z","to":{"id":1},"user":{"id":1}}
{"level":"info","message":"b43e19fe-d557-4095-8ca2-a7ebb9ea0c23","timeStamp":"2022-07-30T10:54:00.653Z","to":{"id":1},"user":{"id":1}}
{"level":"info","message":"6d3aae57-cdc6-482e-b85c-ab2bdff0d01e","timeStamp":"2022-07-30T10:54:00.669Z","to":{"id":5},"user":{"id":1}}
{"level":"info","message":"84147a72-2ca9-46d8-91ab-1209b73b2fc9","timeStamp":"2022-07-30T10:54:00.684Z","to":{"id":4},"user":{"id":1}}
{"level":"info","message":"2940e727-d1ac-4308-a020-93621719f7f9","timeStamp":"2022-07-30T10:54:00.699Z","to":{"id":3},"user":{"id":1}}
{"level":"info","message":"fd36ba23-72b0-4894-a7ec-494216fce966","timeStamp":"2022-07-30T10:54:00.714Z","to":{"id":2},"user":{"id":1}}
{"level":"info","message":"d5ab2a08-6a42-43ae-8b5c-3c4bb14664ca","timeStamp":"2022-07-30T10:54:00.715Z","to":{"id":1},"user":{"id":1}}
{"level":"info","message":"59349a4f-91e9-4686-880d-d41ed8fff7d2","timeStamp":"2022-07-30T10:54:00.716Z","to":{"id":1},"user":{"id":1}}
{"level":"info","message":"6063bd9c-84f4-4455-bb57-400a2bb80eb8","timeStamp":"2022-07-30T10:54:00.731Z","to":{"id":3},"user":{"id":1}}
{"level":"info","message":"efda404a-b52e-45b7-9a96-00efaadc81de","timeStamp":"2022-07-30T10:54:00.732Z","to":{"id":3},"user":{"id":1}}
{"level":"info","message":"43bfbbbb-8c5d-4c1e-a4f3-b993d1c2052d","timeStamp":"2022-07-30T10:54:00.735Z","to":{"id":4},"user":{"id":1}}
{"level":"info","message":"f62712d3-d65a-408c-ac28-cb86a51dba26","timeStamp":"2022-07-30T10:54:00.735Z","to":{"id":2},"user":{"id":1}}
{"level":"info","message":"b1b4fc36-e57c-4b6c-be35-df733fa75e75","timeStamp":"2022-07-30T10:54:00.736Z","to":{"id":5},"user":{"id":1}}
{"level":"info","message":"3e265890-df17-4578-8518-98f062dc941a","timeStamp":"2022-07-30T10:54:00.746Z","to":{"id":5},"user":{"id":1}}
{"level":"info","message":"dea1c08c-4339-41da-b043-253ec51d800c","timeStamp":"2022-07-30T10:54:00.761Z","to":{"id":1},"user":{"id":1}}
{"level":"info","message":"f5010b55-3554-4b90-bf54-7fd6a326a2c8","timeStamp":"2022-07-30T10:54:00.763Z","to":{"id":1},"user":{"id":1}}
{"level":"info","message":"c5616913-e9f0-47a0-bc07-b1025c99d6f1","timeStamp":"2022-07-30T10:54:00.777Z","to":{"id":2},"user":{"id":1}}
{"level":"info","message":"10220871-2d55-45a2-a7e5-d69b5201ec52","timeStamp":"2022-07-30T10:54:00.792Z","to":{"id":3},"user":{"id":1}}
{"level":"info","message":"6a06220d-ebd0-43eb-82d9-1c5311450e34","timeStamp":"2022-07-30T10:54:00.793Z","to":{"id":3},"user":{"id":1}}
{"level":"info","message":"40bddaec-74f1-4cbe-8241-d2dc1206ef16","timeStamp":"2022-07-30T10:54:00.794Z","to":{"id":1},"user":{"id":1}}
{"level":"info","message":"1a407948-0983-4d54-9047-5e3c43c8c28d","timeStamp":"2022-07-30T10:54:00.809Z","to":{"id":2},"user":{"id":1}}
{"level":"info","message":"e3f33119-f4f6-49ea-b14f-e90e6807b39d","timeStamp":"2022-07-30T10:54:00.810Z","to":{"id":5},"user":{"id":1}}
{"level":"info","message":"714cd891-8665-4df1-babf-8ac319d37cb0","timeStamp":"2022-07-30T10:54:00.823Z","to":{"id":5},"user":{"id":1}}
{"level":"info","message":"999ff92a-8eb3-4cc4-8c4e-670fcad94f26","timeStamp":"2022-07-30T10:54:00.839Z","to":{"id":3},"user":{"id":1}}
{"level":"info","message":"8f4e4fe5-f371-4268-b7f6-c384780c16eb","timeStamp":"2022-07-30T10:54:00.854Z","to":{"id":2},"user":{"id":1}}
{"level":"info","message":"9288b154-ad37-411d-b166-26b8c8f05746","timeStamp":"2022-07-30T10:54:00.870Z","to":{"id":4},"user":{"id":1}}
{"level":"info","message":"a705b064-befc-4da3-86c4-2e90d8fdc2d1","timeStamp":"2022-07-30T10:54:00.886Z","to":{"id":2},"user":{"id":1}}
{"level":"info","message":"4ac25ffc-ca6e-4543-b3e4-6d710122e9d6","timeStamp":"2022-07-30T10:54:00.887Z","to":{"id":5},"user":{"id":1}}
{"level":"info","message":"af76d844-8320-493c-9fd9-f7cc471b0dda","timeStamp":"2022-07-30T10:54:00.902Z","to":{"id":3},"user":{"id":1}}
{"level":"info","message":"fa5e7f59-f860-4268-a9ca-569db88b2e86","timeStamp":"2022-07-30T10:54:00.917Z","to":{"id":1},"user":{"id":1}}
{"level":"info","message":"bd110c5f-0e07-469e-a92d-035c64fdc50e","timeStamp":"2022-07-30T10:54:00.933Z","to":{"id":2},"user":{"id":1}}
{"level":"info","message":"3520a82d-d069-45c3-adfb-33a567c9a6cc","timeStamp":"2022-07-30T10:54:00.949Z","to":{"id":1},"user":{"id":1}}
{"level":"info","message":"25d2a43c-3ba6-4587-9805-a3300178762a","timeStamp":"2022-07-30T10:54:00.964Z","to":{"id":3},"user":{"id":1}}
{"level":"info","message":"3f0114db-4df6-4977-ac09-5d1634c42bf3","timeStamp":"2022-07-30T10:54:00.982Z","to":{"id":3},"user":{"id":1}}
{"level":"info","message":"fbdb760c-fb09-4055-b253-61c8b00aeb8c","timeStamp":"2022-07-30T10:54:00.996Z","to":{"id":5},"user":{"id":1}}
{"level":"info","message":"149ed2f6-04a2-4174-903c-b2289a446864","timeStamp":"2022-07-30T10:54:01.014Z","to":{"id":1},"user":{"id":1}}
{"level":"info","message":"58c7ee5f-24a1-4443-9430-ee9828dc847e","timeStamp":"2022-07-30T10:54:01.030Z","to":{"id":5},"user":{"id":1}}
{"level":"info","message":"82021a69-5c8a-4e29-a5bd-cbbe2cc92f0f","timeStamp":"2022-07-30T10:54:01.045Z","to":{"id":2},"user":{"id":1}}
{"level":"info","message":"10af66bd-941b-4ff5-b31f-ac256f4bb588","timeStamp":"2022-07-30T10:54:01.046Z","to":{"id":5},"user":{"id":1}}
{"level":"info","message":"5e6bf031-d51b-4627-bd8a-7a906db86fac","timeStamp":"2022-07-30T10:54:01.060Z","to":{"id":5},"user":{"id":1}}
{"level":"info","message":"7d717afe-c6b4-4ad9-9d6e-8ff753553b0c","timeStamp":"2022-07-30T10:54:01.078Z","to":{"id":5},"user":{"id":1}}
{"level":"info","message":"fa0b85ad-eb47-46cb-83eb-cc19e500b4fa","timeStamp":"2022-07-30T10:54:01.093Z","to":{"id":4},"user":{"id":1}}
{"level":"info","message":"033ff2d0-4309-489a-86bb-5506569d31ee","timeStamp":"2022-07-30T10:54:01.109Z","to":{"id":5},"user":{"id":1}}
{"level":"info","message":"4eb60037-1556-4397-b43f-ebb57b0960f7","timeStamp":"2022-07-30T10:54:01.125Z","to":{"id":3},"user":{"id":1}}
{"level":"info","message":"79b75924-5eb4-4d2e-aaac-6f7d3125392d","timeStamp":"2022-07-30T10:54:01.140Z","to":{"id":5},"user":{"id":1}}
{"level":"info","message":"38d95a15-0925-48cf-a8d5-74d6dd650e46","timeStamp":"2022-07-30T10:54:01.156Z","to":{"id":1},"user":{"id":1}}
{"level":"info","message":"02be8a76-7477-4763-8b90-e1b450a9c8b3","timeStamp":"2022-07-30T10:54:01.157Z","to":{"id":4},"user":{"id":1}}
{"level":"info","message":"6e75a4fb-80a4-428b-943e-656e0a12713b","timeStamp":"2022-07-30T10:54:01.158Z","to":{"id":2},"user":{"id":1}}
{"level":"info","message":"b876fedf-5f08-4869-9178-f68a718bd87e","timeStamp":"2022-07-30T10:54:01.172Z","to":{"id":1},"user":{"id":1}}
{"level":"info","message":"b29d556c-9c16-4ece-96a1-358f50700707","timeStamp":"2022-07-30T10:54:01.188Z","to":{"id":3},"user":{"id":1}}
{"level":"info","message":"2df5af81-2bfa-4171-9054-085421f50f64","timeStamp":"2022-07-30T10:54:01.189Z","to":{"id":1},"user":{"id":1}}
{"level":"info","message":"498ec0ba-4daa-4fc4-ab16-db124ad8b6cd","timeStamp":"2022-07-30T10:54:01.190Z","to":{"id":4},"user":{"id":1}}
{"level":"info","message":"ab6e8bf9-af10-4155-9d81-df56af7e2fd8","timeStamp":"2022-07-30T10:54:01.204Z","to":{"id":1},"user":{"id":1}}
{"level":"info","message":"dba78b1c-8641-434e-bcf0-b9ba0b935c6f","timeStamp":"2022-07-30T10:54:01.205Z","to":{"id":3},"user":{"id":1}}
{"level":"info","message":"062e1fdf-42a8-4b8d-8bce-e14414eb6be9","timeStamp":"2022-07-30T10:54:01.206Z","to":{"id":2},"user":{"id":1}}
{"level":"info","message":"7aef19bf-51ca-4562-8229-161494b5eab1","timeStamp":"2022-07-30T10:54:01.220Z","to":{"id":3},"user":{"id":1}}
{"level":"info","message":"e066c4b7-1dfb-4aa3-b463-f6a9c9b6c847","timeStamp":"2022-07-30T10:54:01.236Z","to":{"id":2},"user":{"id":1}}
{"level":"info","message":"381e0127-f2c1-4f33-a130-3224b390aab1","timeStamp":"2022-07-30T10:54:01.237Z","to":{"id":5},"user":{"id":1}}
{"level":"info","message":"b8013afb-f4f1-45aa-93ed-c1b89256899a","timeStamp":"2022-07-30T10:54:01.252Z","to":{"id":5},"user":{"id":1}}
{"level":"info","message":"db87393c-072f-4688-bee3-e52cfd061bf2","timeStamp":"2022-07-30T10:54:01.253Z","to":{"id":2},"user":{"id":1}}
{"level":"info","message":"071deb30-3c0c-4c48-a2b5-910a035a45c8","timeStamp":"2022-07-30T10:54:01.254Z","to":{"id":4},"user":{"id":1}}
{"level":"info","message":"e3227e4d-c375-43bc-8f1b-54d35e0bdd68","timeStamp":"2022-07-30T10:54:01.255Z","to":{"id":1},"user":{"id":1}}
{"level":"info","message":"afbae217-e070-41c7-afed-641fead642dc","timeStamp":"2022-07-30T10:54:01.268Z","to":{"id":2},"user":{"id":1}}
{"level":"info","message":"f44c6ad5-c4d3-4226-ae71-e4956a4c7844","timeStamp":"2022-07-30T10:54:01.285Z","to":{"id":2},"user":{"id":1}}
{"level":"info","message":"b7f7b586-85a7-4421-887d-6221c55eace8","timeStamp":"2022-07-30T10:54:01.300Z","to":{"id":3},"user":{"id":1}}
{"level":"info","message":"f1e62233-c68e-41ac-a463-d62337d36195","timeStamp":"2022-07-30T10:54:01.315Z","to":{"id":5},"user":{"id":1}}
{"level":"info","message":"dc246a27-bee8-4b86-9678-c0d7d2f9ca6e","timeStamp":"2022-07-30T10:54:01.331Z","to":{"id":4},"user":{"id":1}}
{"level":"info","message":"92fa7504-eab2-4b62-a3f4-56600b2117e2","timeStamp":"2022-07-30T10:54:01.348Z","to":{"id":2},"user":{"id":1}}
{"level":"info","message":"d61d75f2-0927-49e1-93e0-60fb48f7d1b7","timeStamp":"2022-07-30T10:54:01.363Z","to":{"id":2},"user":{"id":1}}
{"level":"info","message":"c5359de2-85d7-4f55-bb01-1b06d22948a1","timeStamp":"2022-07-30T10:54:01.379Z","to":{"id":4},"user":{"id":1}}
{"level":"info","message":"57d00750-66a9-4f72-b7c3-52cf4b77db0d","timeStamp":"2022-07-30T10:54:01.392Z","to":{"id":4},"user":{"id":1}}
{"level":"info","message":"37b42d75-f886-4181-aeb9-c9d8fe7e0358","timeStamp":"2022-07-30T10:54:01.409Z","to":{"id":5},"user":{"id":1}}
{"level":"info","message":"05acaf4f-aa2d-43ff-a6e7-09deea1bd89d","timeStamp":"2022-07-30T10:54:01.425Z","to":{"id":4},"user":{"id":1}}
{"level":"info","message":"3cc939d2-23ce-4397-9e66-961b45a21259","timeStamp":"2022-07-30T10:54:01.442Z","to":{"id":1},"user":{"id":1}}
{"level":"info","message":"8bfbd19a-90a1-489f-8269-2d65798c8eee","timeStamp":"2022-07-30T10:54:01.457Z","to":{"id":4},"user":{"id":1}}
{"level":"info","message":"24f28d06-be24-4218-b720-510689a55878","timeStamp":"2022-07-30T10:54:01.458Z","to":{"id":5},"user":{"id":1}}
{"level":"info","message":"c572117d-a004-4e76-a630-64e6cda7ece3","timeStamp":"2022-07-30T10:54:01.472Z","to":{"id":3},"user":{"id":1}}
{"level":"info","message":"532a6479-8dd8-449f-ac8d-679f41531d07","timeStamp":"2022-07-30T10:54:01.490Z","to":{"id":5},"user":{"id":1}}
{"level":"info","message":"4b1a89a4-6487-48ba-b1d9-6805c4f514c9","timeStamp":"2022-07-30T10:54:01.505Z","to":{"id":4},"user":{"id":1}}
{"level":"info","message":"13b7d66c-8a75-4941-9254-08bd4f26d6fc","timeStamp":"2022-07-30T10:54:01.521Z","to":{"id":5},"user":{"id":1}}
{"level":"info","message":"edd133af-c36e-41fb-be5b-b73e415c1744","timeStamp":"2022-07-30T10:54:01.522Z","to":{"id":5},"user":{"id":1}}
{"level":"info","message":"bd3d0c9a-c4cc-489f-8ced-83dddb55f53d","timeStamp":"2022-07-30T10:54:01.538Z","to":{"id":3},"user":{"id":1}}
{"level":"info","message":"cdb388b1-310a-493c-b7c0-e7396cb61920","timeStamp":"2022-07-30T10:54:01.553Z","to":{"id":5},"user":{"id":1}}
{"level":"info","message":"b61fe83a-06b1-43de-b767-52b3bb2a9a30","timeStamp":"2022-07-30T10:54:01.554Z","to":{"id":5},"user":{"id":1}}
{"level":"info","message":"e5262266-758a-4668-9e4b-03774b4172d4","timeStamp":"2022-07-30T10:54:01.569Z","to":{"id":1},"user":{"id":1}}
{"level":"info","message":"d14e60ee-f9f6-4eee-aa3c-d17ea835735b","timeStamp":"2022-07-30T10:54:01.584Z","to":{"id":3},"user":{"id":1}}
{"level":"info","message":"c7179afe-e2c8-49bf-85c9-a86c2e7292be","timeStamp":"2022-07-30T10:54:01.600Z","to":{"id":1},"user":{"id":1}}
{"level":"info","message":"a3e2d22d-16c3-4511-8edb-4b94e80a08a1","timeStamp":"2022-07-30T10:54:01.616Z","to":{"id":5},"user":{"id":1}}
{"level":"info","message":"8d16a6d1-9d0c-4da5-bba1-8c2555788658","timeStamp":"2022-07-30T10:54:01.617Z","to":{"id":1},"user":{"id":1}}
{"level":"info","message":"554ab513-3d2c-41b6-a12a-78f36f448a5d","timeStamp":"2022-07-30T10:54:01.632Z","to":{"id":3},"user":{"id":1}}
{"level":"info","message":"08f3dd75-22ef-432d-9010-c3c125869d40","timeStamp":"2022-07-30T10:54:01.635Z","to":{"id":2},"user":{"id":1}}
{"level":"info","message":"b56e114d-7ff9-4099-a745-8f93cafda062","timeStamp":"2022-07-30T10:54:01.648Z","to":{"id":5},"user":{"id":1}}
{"level":"info","message":"9c28ca0d-5469-465b-b615-64fc01b82b0f","timeStamp":"2022-07-30T10:54:01.663Z","to":{"id":1},"user":{"id":1}}
{"level":"info","message":"b1c1c075-331e-4033-9879-04226d4f960f","timeStamp":"2022-07-30T10:54:01.680Z","to":{"id":3},"user":{"id":1}}
{"level":"info","message":"e48e44a5-b9b6-4ea9-a719-c259f136d742","timeStamp":"2022-07-30T10:54:01.681Z","to":{"id":4},"user":{"id":1}}
{"level":"info","message":"f667e698-a76c-40b8-b112-d7c06024a217","timeStamp":"2022-07-30T10:54:01.694Z","to":{"id":2},"user":{"id":1}}
{"level":"info","message":"b30f08aa-fe2e-4d16-b501-508c23d67d9a","timeStamp":"2022-07-30T10:54:01.710Z","to":{"id":2},"user":{"id":1}}
{"level":"info","message":"8819c8b9-92ba-4432-b1f7-43a86e120605","timeStamp":"2022-07-30T10:54:01.726Z","to":{"id":2},"user":{"id":1}}
{"level":"info","message":"890677e0-cfb9-4253-8a54-a69b42eeab53","timeStamp":"2022-07-30T10:54:01.742Z","to":{"id":5},"user":{"id":1}}
{"level":"info","message":"f8660d34-4ca5-4591-b5b2-925a81423c33","timeStamp":"2022-07-30T10:54:01.743Z","to":{"id":1},"user":{"id":1}}
{"level":"info","message":"1c6be4dd-2bde-4b7f-b876-f188eaaa6623","timeStamp":"2022-07-30T10:54:01.744Z","to":{"id":4},"user":{"id":1}}
{"level":"info","message":"9aaf8281-f90e-4abc-8f89-3a08c24210e6","timeStamp":"2022-07-30T10:54:01.758Z","to":{"id":4},"user":{"id":1}}
{"level":"info","message":"a39c5840-c6ee-43e9-986e-73abe3396ff8","timeStamp":"2022-07-30T10:54:01.774Z","to":{"id":2},"user":{"id":1}}
{"level":"info","message":"82bbcbe5-8313-44ad-988b-7c09efb541e3","timeStamp":"2022-07-30T10:54:01.775Z","to":{"id":4},"user":{"id":1}}
{"level":"info","message":"0ec493ef-c1ed-4d2d-90d1-7a2166333c0e","timeStamp":"2022-07-30T10:54:01.776Z","to":{"id":4},"user":{"id":1}}
{"level":"info","message":"7114bf42-18f2-4397-bd18-733f743c9230","timeStamp":"2022-07-30T10:54:01.777Z","to":{"id":3},"user":{"id":1}}
{"level":"info","message":"a45a4a3b-56cd-469b-adf4-1f9aad4d2659","timeStamp":"2022-07-30T10:54:01.790Z","to":{"id":2},"user":{"id":1}}
{"level":"info","message":"1069766c-8488-4446-b5e1-39cd01aa925c","timeStamp":"2022-07-30T10:54:01.806Z","to":{"id":2},"user":{"id":1}}
{"level":"info","message":"13cd10a0-161c-4a79-a016-5a088e7d579c","timeStamp":"2022-07-30T10:54:01.807Z","to":{"id":3},"user":{"id":1}}
{"level":"info","message":"01dc37fa-0bc5-43b0-90ab-82f4e89ee2c3","timeStamp":"2022-07-30T10:54:01.808Z","to":{"id":3},"user":{"id":1}}
{"level":"info","message":"55d12cf6-a8f6-4bcb-a52f-70a50123755d","timeStamp":"2022-07-30T10:54:01.822Z","to":{"id":5},"user":{"id":1}}
{"level":"info","message":"50fc9889-6390-4a11-8fce-7987d7a6436e","timeStamp":"2022-07-30T10:54:01.838Z","to":{"id":4},"user":{"id":1}}
{"level":"info","message":"a4b9cdbb-dc7a-4100-bfd3-c306333521d3","timeStamp":"2022-07-30T10:54:01.853Z","to":{"id":2},"user":{"id":1}}
{"level":"info","message":"bebc21c8-ea52-4ae8-834a-963c0546a0f1","timeStamp":"2022-07-30T10:54:01.869Z","to":{"id":1},"user":{"id":1}}
{"level":"info","message":"9f6ad5a1-1097-4876-a2bb-2a13c46313d2","timeStamp":"2022-07-30T10:54:01.870Z","to":{"id":4},"user":{"id":1}}
{"level":"info","message":"4d7ea46d-2831-4f73-94a5-a6820492ea47","timeStamp":"2022-07-30T10:54:01.885Z","to":{"id":4},"user":{"id":1}}
{"level":"info","message":"7fbb5262-43f7-435a-8ecb-d52632c7e73e","timeStamp":"2022-07-30T10:54:01.901Z","to":{"id":2},"user":{"id":1}}
{"level":"info","message":"6ea9df2e-ee4d-4bed-b6f4-c0cb545f77bb","timeStamp":"2022-07-30T10:54:01.902Z","to":{"id":4},"user":{"id":1}}
{"level":"info","message":"3916de8d-c337-484a-8c72-afcbfad6af6d","timeStamp":"2022-07-30T10:54:01.916Z","to":{"id":4},"user":{"id":1}}
{"level":"info","message":"e948c4b3-cb37-4921-8ce5-91a3c4725817","timeStamp":"2022-07-30T10:54:01.931Z","to":{"id":1},"user":{"id":1}}
{"level":"info","message":"2a351977-0a87-49ed-9a79-03944ca31561","timeStamp":"2022-07-30T10:54:01.946Z","to":{"id":1},"user":{"id":1}}
{"level":"info","message":"c1215bd1-3a63-4de5-8afa-a1a95794bbaf","timeStamp":"2022-07-30T10:54:01.962Z","to":{"id":1},"user":{"id":1}}
{"level":"info","message":"961fc7ff-50ba-4a1e-bdc5-56e76021b555","timeStamp":"2022-07-30T10:54:01.963Z","to":{"id":1},"user":{"id":1}}
{"level":"info","message":"4f71c830-4aa8-40b9-a72e-006b32f2ac09","timeStamp":"2022-07-30T10:54:01.964Z","to":{"id":5},"user":{"id":1}}
{"level":"info","message":"967a8a10-0851-4fbf-909f-cc3858329f33","timeStamp":"2022-07-30T10:54:01.978Z","to":{"id":2},"user":{"id":1}}
{"level":"info","message":"660fb7bf-baa7-41f9-ae51-984097a5f0a8","timeStamp":"2022-07-30T10:54:01.979Z","to":{"id":4},"user":{"id":1}}
{"level":"info","message":"c4c3af58-4732-4b7b-aed0-f0d9e5f06b5e","timeStamp":"2022-07-30T10:54:01.995Z","to":{"id":5},"user":{"id":1}}
{"level":"info","message":"dc5ae30e-5f36-45ac-a397-de33288ec602","timeStamp":"2022-07-30T10:54:02.012Z","to":{"id":3},"user":{"id":1}}
{"level":"info","message":"06b7601b-6938-4b21-8ad4-beee21c3e4c8","timeStamp":"2022-07-30T10:54:02.026Z","to":{"id":1},"user":{"id":1}}
{"level":"info","message":"1f64ad2a-4234-40a5-9a0c-60a6077b2e5c","timeStamp":"2022-07-30T10:54:02.027Z","to":{"id":4},"user":{"id":1}}
{"level":"info","message":"4cfe6a83-8185-4ccc-858a-9583272a6cc6","timeStamp":"2022-07-30T10:54:02.028Z","to":{"id":3},"user":{"id":1}}
{"level":"info","message":"de80a210-ff3f-4bb1-860d-3c11e3a6ab6e","timeStamp":"2022-07-30T10:54:02.029Z","to":{"id":2},"user":{"id":1}}
{"level":"info","message":"85005d22-8400-4bbb-ba17-99316a8ad307","timeStamp":"2022-07-30T10:54:02.045Z","to":{"id":3},"user":{"id":1}}
{"level":"info","message":"37985598-7435-42c1-803e-e745b24dfb3e","timeStamp":"2022-07-30T10:54:02.060Z","to":{"id":3},"user":{"id":1}}
{"level":"info","message":"dafb1dce-26ec-4366-8ac5-3bcac71ccb14","timeStamp":"2022-07-30T10:54:02.074Z","to":{"id":2},"user":{"id":1}}
{"level":"info","message":"327cf07a-935b-4b99-9606-7b607e643856","timeStamp":"2022-07-30T10:54:02.075Z","to":{"id":1},"user":{"id":1}}
{"level":"info","message":"77669ff2-65b8-4b81-8943-f144fe46e868","timeStamp":"2022-07-30T10:54:02.089Z","to":{"id":5},"user":{"id":1}}
{"level":"info","message":"361027fc-cfb9-41a2-831a-307ebdf12068","timeStamp":"2022-07-30T10:54:02.107Z","to":{"id":2},"user":{"id":1}}
{"level":"info","message":"dd6f1784-72b0-49fd-930e-03bdad6d8785","timeStamp":"2022-07-30T10:54:02.120Z","to":{"id":3},"user":{"id":1}}
{"level":"info","message":"adb34c40-e59d-467f-b1f9-8df20ff933cf","timeStamp":"2022-07-30T10:54:02.137Z","to":{"id":5},"user":{"id":1}}
{"level":"info","message":"5f34969d-a2f5-4a42-9345-4e4789b1da1d","timeStamp":"2022-07-30T10:54:02.152Z","to":{"id":2},"user":{"id":1}}
{"level":"info","message":"5fde3f25-6d19-462e-8a9b-ca8799fc88f5","timeStamp":"2022-07-30T10:54:02.168Z","to":{"id":3},"user":{"id":1}}
{"level":"info","message":"590900b7-2571-4d7f-b5f6-b74c63f6d905","timeStamp":"2022-07-30T10:54:02.184Z","to":{"id":3},"user":{"id":1}}
{"level":"info","message":"0e4c691c-f074-41a0-b008-1f40392ad6fb","timeStamp":"2022-07-30T10:54:02.200Z","to":{"id":1},"user":{"id":1}}
{"level":"info","message":"499927f7-b84a-4f7f-ab9a-c6d1672e10b2","timeStamp":"2022-07-30T10:54:02.201Z","to":{"id":4},"user":{"id":1}}
{"level":"info","message":"ee1bb041-0841-40f7-9ade-903082b1c8bd","timeStamp":"2022-07-30T10:54:02.202Z","to":{"id":3},"user":{"id":1}}
{"level":"info","message":"df37fada-48d7-49cd-9eba-0763bff65c25","timeStamp":"2022-07-30T10:54:02.216Z","to":{"id":3},"user":{"id":1}}
{"level":"info","message":"e556a10b-2575-4bed-bd69-f30b52cfba5f","timeStamp":"2022-07-30T10:54:02.232Z","to":{"id":2},"user":{"id":1}}
{"level":"info","message":"0d7da96d-c81a-468b-a058-7fdc91679551","timeStamp":"2022-07-30T10:54:02.233Z","to":{"id":5},"user":{"id":1}}
{"level":"info","message":"e760beaf-c272-4827-acbd-b2433320ef98","timeStamp":"2022-07-30T10:54:02.234Z","to":{"id":2},"user":{"id":1}}
{"level":"info","message":"0473af73-840b-42e9-a2d3-7be91224e0fd","timeStamp":"2022-07-30T10:54:02.248Z","to":{"id":4},"user":{"id":1}}
{"level":"info","message":"a4b37c55-31f6-4a36-8d74-ebe2940e4af3","timeStamp":"2022-07-30T10:54:02.249Z","to":{"id":2},"user":{"id":1}}
{"level":"info","message":"010e4199-4c7a-47ca-a848-a3e12a5f70a9","timeStamp":"2022-07-30T10:54:02.250Z","to":{"id":3},"user":{"id":1}}
{"level":"info","message":"39a6ea27-4e9d-487b-aa98-0734a689566e","timeStamp":"2022-07-30T10:54:02.264Z","to":{"id":5},"user":{"id":1}}
{"level":"info","message":"8c01a92c-d48d-464d-ab45-84a305607f5d","timeStamp":"2022-07-30T10:54:02.280Z","to":{"id":5},"user":{"id":1}}
{"level":"info","message":"d5f78a0b-76d7-4a0e-b817-514274393380","timeStamp":"2022-07-30T10:54:02.281Z","to":{"id":3},"user":{"id":1}}
{"level":"info","message":"85f6e1fd-7603-48ad-837f-b0755dc33d86","timeStamp":"2022-07-30T10:54:02.282Z","to":{"id":3},"user":{"id":1}}
{"level":"info","message":"16d43e3f-5782-42a1-9744-dc4651765776","timeStamp":"2022-07-30T10:54:02.297Z","to":{"id":4},"user":{"id":1}}
{"level":"info","message":"4fd10997-e149-4248-9a18-df9b9af13b23","timeStamp":"2022-07-30T10:54:02.312Z","to":{"id":3},"user":{"id":1}}
{"level":"info","message":"d9ae716a-86cc-4026-b41a-c64c3ef1ec1d","timeStamp":"2022-07-30T10:54:02.313Z","to":{"id":3},"user":{"id":1}}
{"level":"info","message":"4d91c0e8-bce6-4b2a-a35d-3529b2c62f4d","timeStamp":"2022-07-30T10:54:02.329Z","to":{"id":5},"user":{"id":1}}
{"level":"info","message":"b8e0287e-2532-4908-9765-0363c6e76daf","timeStamp":"2022-07-30T10:54:02.344Z","to":{"id":5},"user":{"id":1}}
{"level":"info","message":"88a125b4-dc05-466a-87e2-5cf1629cf28e","timeStamp":"2022-07-30T10:54:02.361Z","to":{"id":4},"user":{"id":1}}
{"level":"info","message":"c4c61fb6-bc3d-434d-9ca3-b815c20a09de","timeStamp":"2022-07-30T10:54:02.362Z","to":{"id":1},"user":{"id":1}}
{"level":"info","message":"17187da3-e5f1-4da7-b949-4ae661a997bd","timeStamp":"2022-07-30T10:54:02.363Z","to":{"id":4},"user":{"id":1}}
{"level":"info","message":"4e30af16-ba88-4bbb-a55c-1fc271c76781","timeStamp":"2022-07-30T10:54:02.364Z","to":{"id":3},"user":{"id":1}}
{"level":"info","message":"5bdcd614-4f40-4c20-bb7a-2f25455efa30","timeStamp":"2022-07-30T10:54:02.377Z","to":{"id":1},"user":{"id":1}}
{"level":"info","message":"d4cdb0cb-3a93-471a-a229-05e8cc9b701d","timeStamp":"2022-07-30T10:54:02.392Z","to":{"id":3},"user":{"id":1}}
{"level":"info","message":"5270f5a3-15f4-4745-8991-aa155da6ae3a","timeStamp":"2022-07-30T10:54:02.393Z","to":{"id":4},"user":{"id":1}}
{"level":"info","message":"93942916-c6e5-46af-9fa8-a5adafe90518","timeStamp":"2022-07-30T10:54:02.394Z","to":{"id":5},"user":{"id":1}}
{"level":"info","message":"b5a95c62-d19c-4832-afbb-fdf7047ba86f","timeStamp":"2022-07-30T10:54:02.407Z","to":{"id":2},"user":{"id":1}}
{"level":"info","message":"b7e26c74-37bb-4f44-8999-60217614c734","timeStamp":"2022-07-30T10:54:02.409Z","to":{"id":1},"user":{"id":1}}
{"level":"info","message":"7b64bba7-ce22-4480-938c-86e24c80faff","timeStamp":"2022-07-30T10:54:02.432Z","to":{"id":5},"user":{"id":1}}
{"level":"info","message":"e749a852-50a2-4864-8527-9f2b566b67a6","timeStamp":"2022-07-30T10:54:02.440Z","to":{"id":3},"user":{"id":1}}
{"level":"info","message":"4d30b0cf-888c-453e-a4d2-d0df81cec6c4","timeStamp":"2022-07-30T10:54:02.455Z","to":{"id":2},"user":{"id":1}}
{"level":"info","message":"c0e7cea1-8ed1-4b8f-b45b-b1a50654e506","timeStamp":"2022-07-30T10:54:02.471Z","to":{"id":2},"user":{"id":1}}
{"level":"info","message":"d7a99a95-b538-4145-aab2-d17966f7063e","timeStamp":"2022-07-30T10:54:02.487Z","to":{"id":5},"user":{"id":1}}
{"level":"info","message":"3880f869-c877-4fef-b68e-e968b3cb658d","timeStamp":"2022-07-30T10:54:02.503Z","to":{"id":1},"user":{"id":1}}
{"level":"info","message":"91ee486b-9ca2-489a-a634-7c0ba160af8c","timeStamp":"2022-07-30T10:54:02.505Z","to":{"id":3},"user":{"id":1}}
{"level":"info","message":"3bb0d42d-0f86-4450-9418-d9da350af0cc","timeStamp":"2022-07-30T10:54:02.506Z","to":{"id":1},"user":{"id":1}}
{"level":"info","message":"8e2b099a-0f6d-4dc4-80cb-196d2f9841b3","timeStamp":"2022-07-30T10:54:02.519Z","to":{"id":2},"user":{"id":1}}
{"level":"info","message":"6c41d45c-84f1-456c-98a7-78f1ee40ea4c","timeStamp":"2022-07-30T10:54:02.535Z","to":{"id":2},"user":{"id":1}}
{"level":"info","message":"05a1644e-ded3-4d29-a094-ad5867fe701a","timeStamp":"2022-07-30T10:54:02.550Z","to":{"id":1},"user":{"id":1}}
{"level":"info","message":"0a8f427e-b581-4f50-99f5-173f6727dd75","timeStamp":"2022-07-30T10:54:02.551Z","to":{"id":5},"user":{"id":1}}
{"level":"info","message":"c80c3ee9-22ff-41a5-af58-4deffdc2e72f","timeStamp":"2022-07-30T10:54:02.552Z","to":{"id":3},"user":{"id":1}}
{"level":"info","message":"67ff06e7-a5c8-448d-82ea-25c04b18e688","timeStamp":"2022-07-30T10:54:02.566Z","to":{"id":1},"user":{"id":1}}
{"level":"info","message":"d2359284-d165-494f-822e-0ed059c28853","timeStamp":"2022-07-30T10:54:02.582Z","to":{"id":5},"user":{"id":1}}
{"level":"info","message":"2f7868f3-ec80-4b9b-a8d0-31dd27b3db9e","timeStamp":"2022-07-30T10:54:02.584Z","to":{"id":3},"user":{"id":1}}
{"level":"info","message":"9d24812a-1910-41e0-b7b8-4395dee22742","timeStamp":"2022-07-30T10:54:02.597Z","to":{"id":4},"user":{"id":1}}
{"level":"info","message":"502f3a54-a1e0-42b1-950b-76cb8c9396f3","timeStamp":"2022-07-30T10:54:02.598Z","to":{"id":1},"user":{"id":1}}
{"level":"info","message":"ccfdb464-ece1-4a20-97f4-fa35c7b72414","timeStamp":"2022-07-30T10:54:02.599Z","to":{"id":2},"user":{"id":1}}
{"level":"info","message":"3cbd156a-d319-4e90-96dd-b8710d1dac73","timeStamp":"2022-07-30T10:54:02.600Z","to":{"id":3},"user":{"id":1}}
{"level":"info","message":"fd28027a-56a6-42b8-85da-8e7decb31970","timeStamp":"2022-07-30T10:54:02.601Z","to":{"id":2},"user":{"id":1}}
{"level":"info","message":"3b3fd374-cdd4-44e3-8ffc-1a53d49d21af","timeStamp":"2022-07-30T10:54:02.614Z","to":{"id":1},"user":{"id":1}}
{"level":"info","message":"0476442c-1735-494c-8c22-4abeead56867","timeStamp":"2022-07-30T10:54:02.628Z","to":{"id":3},"user":{"id":1}}
{"level":"info","message":"eb74655e-7a02-481e-9831-c9dadf4fb2b3","timeStamp":"2022-07-30T10:54:02.645Z","to":{"id":1},"user":{"id":1}}
{"level":"info","message":"04ce0b17-90e9-4ee1-b7a9-ed6acba8a294","timeStamp":"2022-07-30T10:54:02.660Z","to":{"id":4},"user":{"id":1}}
{"level":"info","message":"ca6e1d7e-cba5-4400-a359-5252b5e36da8","timeStamp":"2022-07-30T10:54:02.661Z","to":{"id":2},"user":{"id":1}}
{"level":"info","message":"13e85b81-6e65-42fa-ae6c-5ce30fc42534","timeStamp":"2022-07-30T10:54:02.665Z","to":{"id":2},"user":{"id":1}}
{"level":"info","message":"8eadaa0b-0c83-4f97-9baa-aab95415f071","timeStamp":"2022-07-30T10:54:02.665Z","to":{"id":4},"user":{"id":1}}
{"level":"info","message":"0b2dc4b3-eb5a-4123-8e6a-d21eeb9bc1e9","timeStamp":"2022-07-30T10:54:02.666Z","to":{"id":2},"user":{"id":1}}
{"level":"info","message":"41f5a80b-9a4e-4e79-b58e-fd9dee8a38e0","timeStamp":"2022-07-30T10:54:02.677Z","to":{"id":5},"user":{"id":1}}
{"level":"info","message":"7c71a420-36c3-4127-b59d-fd008d141fc7","timeStamp":"2022-07-30T10:54:02.692Z","to":{"id":3},"user":{"id":1}}
{"level":"info","message":"ccd63dba-2022-490c-b1ae-650e047c72a4","timeStamp":"2022-07-30T10:54:02.693Z","to":{"id":4},"user":{"id":1}}
{"level":"info","message":"9045c7ba-5634-4b79-9e0d-8b3825477c13","timeStamp":"2022-07-30T10:54:02.694Z","to":{"id":4},"user":{"id":1}}
{"level":"info","message":"197021e0-9d3d-4dd9-a016-810a33aa7acb","timeStamp":"2022-07-30T10:54:02.708Z","to":{"id":4},"user":{"id":1}}
{"level":"info","message":"e8a13311-55ff-4505-9c61-1819a598c156","timeStamp":"2022-07-30T10:54:02.724Z","to":{"id":1},"user":{"id":1}}
{"level":"info","message":"1103429b-dbd2-41c7-a6a6-e9cda57f604d","timeStamp":"2022-07-30T10:54:02.725Z","to":{"id":4},"user":{"id":1}}
{"level":"info","message":"3f665000-6492-44c0-93ce-c0b4bfbee424","timeStamp":"2022-07-30T10:54:02.741Z","to":{"id":4},"user":{"id":1}}
{"level":"info","message":"25d38caa-d8a0-4d77-8f42-8575a1adf11a","timeStamp":"2022-07-30T10:54:02.756Z","to":{"id":3},"user":{"id":1}}
{"level":"info","message":"f8aaec81-1e5a-45c5-87c6-65521fa71372","timeStamp":"2022-07-30T10:54:02.774Z","to":{"id":4},"user":{"id":1}}
{"level":"info","message":"2bbdcfdf-72a3-4879-9fb0-b1e1b4001723","timeStamp":"2022-07-30T10:54:02.789Z","to":{"id":5},"user":{"id":1}}
{"level":"info","message":"6992d3f2-c5d7-4c0a-a8db-ce8d3a36b1b0","timeStamp":"2022-07-30T10:54:02.790Z","to":{"id":5},"user":{"id":1}}
{"level":"info","message":"fe642c89-4f11-402b-84bb-ef51347a06bf","timeStamp":"2022-07-30T10:54:02.791Z","to":{"id":4},"user":{"id":1}}
{"level":"info","message":"e138ec6d-e4ba-4578-add0-9951d6a57c2d","timeStamp":"2022-07-30T10:54:02.792Z","to":{"id":3},"user":{"id":1}}
{"level":"info","message":"b8f130be-7699-481f-9592-d3aadc0c95aa","timeStamp":"2022-07-30T10:54:02.806Z","to":{"id":1},"user":{"id":1}}
{"level":"info","message":"2407e3c6-6b50-4e58-9cf6-38e3577054e8","timeStamp":"2022-07-30T10:54:02.822Z","to":{"id":5},"user":{"id":1}}
{"level":"info","message":"caf0ace0-6bea-44fb-84d7-43ca27cedbc7","timeStamp":"2022-07-30T10:54:02.837Z","to":{"id":1},"user":{"id":1}}
{"level":"info","message":"0536cbf8-8efb-4ee9-a348-131714b15039","timeStamp":"2022-07-30T10:54:02.853Z","to":{"id":4},"user":{"id":1}}
{"level":"info","message":"6e09ad98-ea93-4b56-81ed-18ee590c6620","timeStamp":"2022-07-30T10:54:02.867Z","to":{"id":5},"user":{"id":1}}
{"level":"info","message":"7b02c7b0-fc5f-40db-8746-6c613b6d84b1","timeStamp":"2022-07-30T10:54:02.883Z","to":{"id":2},"user":{"id":1}}
{"level":"info","message":"d7262679-0b42-4a93-8604-6a98988b13b9","timeStamp":"2022-07-30T10:54:02.900Z","to":{"id":5},"user":{"id":1}}
{"level":"info","message":"c35135cc-4571-435b-abee-5704314351c6","timeStamp":"2022-07-30T10:54:02.913Z","to":{"id":2},"user":{"id":1}}
{"level":"info","message":"b020a4eb-580d-4611-ad2e-b90b60faf589","timeStamp":"2022-07-30T10:54:02.914Z","to":{"id":2},"user":{"id":1}}
{"level":"info","message":"6864bc7d-39eb-414c-83f0-d54a218de6c6","timeStamp":"2022-07-30T10:54:02.915Z","to":{"id":4},"user":{"id":1}}
{"level":"info","message":"2c06c06d-c312-4d1a-9f5d-81123e07a654","timeStamp":"2022-07-30T10:54:02.916Z","to":{"id":3},"user":{"id":1}}
{"level":"info","message":"81cbc673-c984-4f7f-8e3a-9d620f96b98e","timeStamp":"2022-07-30T10:54:02.930Z","to":{"id":2},"user":{"id":1}}
{"level":"info","message":"6e5ae2d3-a72f-464d-8f71-49d450676d00","timeStamp":"2022-07-30T10:54:02.944Z","to":{"id":5},"user":{"id":1}}
{"level":"info","message":"d0177254-b7ba-4f60-a63e-ca8478e4d08a","timeStamp":"2022-07-30T10:54:02.960Z","to":{"id":3},"user":{"id":1}}
{"level":"info","message":"9dabb4af-f3e6-4694-916a-17e7f649d384","timeStamp":"2022-07-30T10:54:02.977Z","to":{"id":2},"user":{"id":1}}
{"level":"info","message":"3da50866-9f74-4374-a6ac-3b13e4923bd4","timeStamp":"2022-07-30T10:54:02.994Z","to":{"id":5},"user":{"id":1}}
{"level":"info","message":"367e95ba-3c32-451d-82d6-af8d3a64fd59","timeStamp":"2022-07-30T10:54:03.007Z","to":{"id":3},"user":{"id":1}}
{"level":"info","message":"546a95f1-5a2e-4d00-9240-160eb8093bf7","timeStamp":"2022-07-30T10:54:03.022Z","to":{"id":2},"user":{"id":1}}
{"level":"info","message":"bf0075d3-986a-4479-a7d4-6e8ac3d1ff5b","timeStamp":"2022-07-30T10:54:03.039Z","to":{"id":2},"user":{"id":1}}
{"level":"info","message":"cc3413ec-87da-4d3a-bf34-addb6304a43e","timeStamp":"2022-07-30T10:54:03.054Z","to":{"id":2},"user":{"id":1}}
{"level":"info","message":"0e3a7375-39ea-4d2d-a164-f81677a59de5","timeStamp":"2022-07-30T10:54:03.055Z","to":{"id":3},"user":{"id":1}}
{"level":"info","message":"aba6de0c-11e2-4f2d-82df-fa65580a8f93","timeStamp":"2022-07-30T10:54:03.056Z","to":{"id":4},"user":{"id":1}}
{"level":"info","message":"a5e0d838-16d4-4dee-928e-1217c0ea99a1","timeStamp":"2022-07-30T10:54:03.070Z","to":{"id":2},"user":{"id":1}}
{"level":"info","message":"a52e19eb-cd10-427a-b907-a3c4c7ca5574","timeStamp":"2022-07-30T10:54:03.086Z","to":{"id":2},"user":{"id":1}}
{"level":"info","message":"e681ed0f-7d5c-4d61-a0e2-0adc661a24ed","timeStamp":"2022-07-30T10:54:03.087Z","to":{"id":4},"user":{"id":1}}
{"level":"info","message":"e0641977-ef93-4f0c-abac-53f2274de48b","timeStamp":"2022-07-30T10:54:03.088Z","to":{"id":4},"user":{"id":1}}
{"level":"info","message":"ab08bb1a-6c60-4547-82ab-028afac63cfb","timeStamp":"2022-07-30T10:54:03.102Z","to":{"id":3},"user":{"id":1}}
{"level":"info","message":"77bf165d-3caa-4f7f-a07a-78a5ccc9958a","timeStamp":"2022-07-30T10:54:03.119Z","to":{"id":1},"user":{"id":1}}
{"level":"info","message":"99128258-e6ec-44aa-abaa-dd32cbc373a4","timeStamp":"2022-07-30T10:54:03.134Z","to":{"id":5},"user":{"id":1}}
{"level":"info","message":"65018977-b82d-4c9e-aec3-c6471faf515f","timeStamp":"2022-07-30T10:54:03.135Z","to":{"id":4},"user":{"id":1}}
{"level":"info","message":"8b201a54-1e75-45cc-9c09-76172d0dda23","timeStamp":"2022-07-30T10:54:03.136Z","to":{"id":4},"user":{"id":1}}
{"level":"info","message":"73c149cf-e333-45ed-bd3b-39d7b18f5855","timeStamp":"2022-07-30T10:54:03.137Z","to":{"id":3},"user":{"id":1}}
{"level":"info","message":"3b766e2d-449c-418e-ad18-c387cfe47965","timeStamp":"2022-07-30T10:54:03.150Z","to":{"id":4},"user":{"id":1}}
{"level":"info","message":"51f8cda3-edb1-4715-bc96-3de7b99bbf61","timeStamp":"2022-07-30T10:54:03.166Z","to":{"id":4},"user":{"id":1}}
{"level":"info","message":"70419f1d-fa3e-414b-a2b6-f211616f7830","timeStamp":"2022-07-30T10:54:03.167Z","to":{"id":4},"user":{"id":1}}
{"level":"info","message":"61e26d5c-4acd-409f-be2f-9ffdc35671c0","timeStamp":"2022-07-30T10:54:03.168Z","to":{"id":2},"user":{"id":1}}
{"level":"info","message":"ffef40b8-47d4-4c00-880c-10b238f20c5f","timeStamp":"2022-07-30T10:54:03.169Z","to":{"id":2},"user":{"id":1}}
{"level":"info","message":"aecea212-140e-4575-be5e-68dcea38f7c9","timeStamp":"2022-07-30T10:54:03.182Z","to":{"id":2},"user":{"id":1}}
{"level":"info","message":"a8786c00-4054-4ea2-a60d-9d21bb20fc1e","timeStamp":"2022-07-30T10:54:03.183Z","to":{"id":1},"user":{"id":1}}
{"level":"info","message":"0bae3eb1-57b6-4ae8-8480-36fad987fd50","timeStamp":"2022-07-30T10:54:03.199Z","to":{"id":2},"user":{"id":1}}
{"level":"info","message":"3f81d8f8-ff4b-4d5f-9129-a3d188f08e4c","timeStamp":"2022-07-30T10:54:03.215Z","to":{"id":2},"user":{"id":1}}
{"level":"info","message":"26e12424-99fd-4400-be18-6da7f5f8f6c4","timeStamp":"2022-07-30T10:54:03.230Z","to":{"id":3},"user":{"id":1}}
{"level":"info","message":"4b137976-7f98-4d02-b745-fe484e7fc100","timeStamp":"2022-07-30T10:54:03.231Z","to":{"id":3},"user":{"id":1}}
{"level":"info","message":"e365066f-ec04-4264-a069-01676f4c324b","timeStamp":"2022-07-30T10:54:03.232Z","to":{"id":2},"user":{"id":1}}
{"level":"info","message":"44b05cef-c90c-4de8-9be8-d7e54cee9de1","timeStamp":"2022-07-30T10:54:03.247Z","to":{"id":5},"user":{"id":1}}
{"level":"info","message":"be5c1224-f18d-47e6-9342-2e7d02a22a63","timeStamp":"2022-07-30T10:54:03.262Z","to":{"id":3},"user":{"id":1}}
{"level":"info","message":"23db7d10-b61b-47b0-9456-41ea56650f63","timeStamp":"2022-07-30T10:54:03.277Z","to":{"id":4},"user":{"id":1}}
{"level":"info","message":"0c0479e2-b1a2-4787-a892-3b42846d1f59","timeStamp":"2022-07-30T10:54:03.279Z","to":{"id":2},"user":{"id":1}}
{"level":"info","message":"7e8704a4-5f6c-4b9d-8057-b43063b5a300","timeStamp":"2022-07-30T10:54:03.292Z","to":{"id":4},"user":{"id":1}}
{"level":"info","message":"1b4b97de-4567-4f29-8c2c-93a1aebeed05","timeStamp":"2022-07-30T10:54:03.294Z","to":{"id":5},"user":{"id":1}}
{"level":"info","message":"2c2507cf-43d1-47aa-b1a5-7f52bf892320","timeStamp":"2022-07-30T10:54:03.294Z","to":{"id":3},"user":{"id":1}}
{"level":"info","message":"ab61a829-718f-44fd-8b07-16c790d8f528","timeStamp":"2022-07-30T10:54:03.310Z","to":{"id":5},"user":{"id":1}}
{"level":"info","message":"3f2ff11b-8f8a-437e-bdbe-3850800c0fc8","timeStamp":"2022-07-30T10:54:03.325Z","to":{"id":3},"user":{"id":1}}
{"level":"info","message":"40b641bd-2740-4e7a-8048-1f06912ed5b8","timeStamp":"2022-07-30T10:54:03.339Z","to":{"id":4},"user":{"id":1}}
{"level":"info","message":"8012aa15-811d-4730-940b-18cbdc645838","timeStamp":"2022-07-30T10:54:03.340Z","to":{"id":3},"user":{"id":1}}
{"level":"info","message":"00674a5d-e951-4bbf-a23e-9c5eb57f4ff2","timeStamp":"2022-07-30T10:54:03.341Z","to":{"id":1},"user":{"id":1}}
{"level":"info","message":"43669490-b5d8-467a-9678-010c1005a443","timeStamp":"2022-07-30T10:54:03.355Z","to":{"id":4},"user":{"id":1}}
{"level":"info","message":"db0a56d1-184f-436b-a2fd-813f4832fcdf","timeStamp":"2022-07-30T10:54:03.370Z","to":{"id":3},"user":{"id":1}}
{"level":"info","message":"e5bdefbb-22c4-471f-82e7-9608bcf59249","timeStamp":"2022-07-30T10:54:03.371Z","to":{"id":2},"user":{"id":1}}
{"level":"info","message":"73a9e37f-10e3-4776-9185-9ec5f078ec9a","timeStamp":"2022-07-30T10:54:03.387Z","to":{"id":1},"user":{"id":1}}
{"level":"info","message":"0bced7cd-8e4d-4d9c-b7fd-3b6ef9e6d52e","timeStamp":"2022-07-30T10:54:03.402Z","to":{"id":4},"user":{"id":1}}
{"level":"info","message":"f138c29e-982d-40f5-b90c-dee5a8b5c726","timeStamp":"2022-07-30T10:54:03.403Z","to":{"id":3},"user":{"id":1}}
{"level":"info","message":"74f637b1-6992-4493-b55d-9cc6b03f1aea","timeStamp":"2022-07-30T10:54:03.418Z","to":{"id":3},"user":{"id":1}}
{"level":"info","message":"06bfc78b-c1c5-4708-96d0-590f63bcf47d","timeStamp":"2022-07-30T10:54:03.434Z","to":{"id":1},"user":{"id":1}}
{"level":"info","message":"f274e595-e566-4273-806b-2a4202432a94","timeStamp":"2022-07-30T10:54:03.451Z","to":{"id":1},"user":{"id":1}}
{"level":"info","message":"f96a7ba2-ec2e-4877-aaed-6099d4eea85e","timeStamp":"2022-07-30T10:54:03.465Z","to":{"id":2},"user":{"id":1}}
{"level":"info","message":"43c01234-3374-4835-8274-de6d4e232053","timeStamp":"2022-07-30T10:54:03.466Z","to":{"id":1},"user":{"id":1}}
{"level":"info","message":"522b1c32-4b72-4d89-9d39-b249ec5f4d6d","timeStamp":"2022-07-30T10:54:03.480Z","to":{"id":1},"user":{"id":1}}
{"level":"info","message":"9ba8942f-a380-42a3-b435-de95879aa9a7","timeStamp":"2022-07-30T10:54:03.482Z","to":{"id":3},"user":{"id":1}}
{"level":"info","message":"29b1dffa-c56c-4b84-8da4-fae0dd452813","timeStamp":"2022-07-30T10:54:03.496Z","to":{"id":1},"user":{"id":1}}
{"level":"info","message":"1f398c28-eeb4-49cd-b254-0bd54fc1ac45","timeStamp":"2022-07-30T10:54:03.511Z","to":{"id":2},"user":{"id":1}}
{"level":"info","message":"e01a5e5e-7f3d-4fab-8b3d-60433f8b3339","timeStamp":"2022-07-30T10:54:03.526Z","to":{"id":2},"user":{"id":1}}
{"level":"info","message":"ab0cd44b-6c8d-43ba-b781-59b7cc233c6e","timeStamp":"2022-07-30T10:54:03.542Z","to":{"id":2},"user":{"id":1}}
{"level":"info","message":"201146a1-6519-459d-b1f0-51dcb542e632","timeStamp":"2022-07-30T10:54:03.543Z","to":{"id":1},"user":{"id":1}}
{"level":"info","message":"660bdb58-a212-433a-9a33-260457449013","timeStamp":"2022-07-30T10:54:03.560Z","to":{"id":4},"user":{"id":1}}
{"level":"info","message":"f523ec41-b92e-4e15-b8ee-51ad4dc0c6da","timeStamp":"2022-07-30T10:54:03.575Z","to":{"id":2},"user":{"id":1}}
{"level":"info","message":"97a35270-7e5f-40ed-9be4-02455be6a8ce","timeStamp":"2022-07-30T10:54:03.590Z","to":{"id":2},"user":{"id":1}}
{"level":"info","message":"06569ed6-54c5-4635-94fe-11145eb8f1f8","timeStamp":"2022-07-30T10:54:03.591Z","to":{"id":5},"user":{"id":1}}
{"level":"info","message":"aa3a3769-a635-4d44-ba5d-5c2d86011e82","timeStamp":"2022-07-30T10:54:03.606Z","to":{"id":5},"user":{"id":1}}
{"level":"info","message":"46d5d2fb-b6f2-4940-a6f3-915cc5b30fbc","timeStamp":"2022-07-30T10:54:03.607Z","to":{"id":3},"user":{"id":1}}
{"level":"info","message":"5131582b-d806-461c-9a74-84d9759be4f5","timeStamp":"2022-07-30T10:54:03.622Z","to":{"id":3},"user":{"id":1}}
{"level":"info","message":"3e698c68-ec98-4f5d-842c-985d23bf74cf","timeStamp":"2022-07-30T10:54:03.623Z","to":{"id":3},"user":{"id":1}}
{"level":"info","message":"ddffee56-7931-4651-a4ab-c62aad63d2b2","timeStamp":"2022-07-30T10:54:03.638Z","to":{"id":4},"user":{"id":1}}
{"level":"info","message":"9f4ad8ba-eb85-4664-98ff-310d6178bc14","timeStamp":"2022-07-30T10:54:03.655Z","to":{"id":1},"user":{"id":1}}
{"level":"info","message":"3aa25a8c-c7d5-4171-b317-abbb6550d6d7","timeStamp":"2022-07-30T10:54:03.670Z","to":{"id":2},"user":{"id":1}}
{"level":"info","message":"09619646-1b9a-48cd-b29f-08e0f7a086c4","timeStamp":"2022-07-30T10:54:03.671Z","to":{"id":2},"user":{"id":1}}
{"level":"info","message":"851e0579-0c15-4e94-9922-75eb6b6c0af4","timeStamp":"2022-07-30T10:54:03.673Z","to":{"id":4},"user":{"id":1}}
{"level":"info","message":"916dcdee-5701-4f3c-a89f-2bdca1b4b12f","timeStamp":"2022-07-30T10:54:03.686Z","to":{"id":1},"user":{"id":1}}
{"level":"info","message":"c2cec45e-4d2b-496e-8c78-26bda8e3c310","timeStamp":"2022-07-30T10:54:03.702Z","to":{"id":2},"user":{"id":1}}
{"level":"info","message":"69cb02a8-06be-4216-8e28-947d3a299759","timeStamp":"2022-07-30T10:54:03.718Z","to":{"id":4},"user":{"id":1}}
{"level":"info","message":"a3af6271-04aa-4086-96fb-cff171df9d6e","timeStamp":"2022-07-30T10:54:03.719Z","to":{"id":3},"user":{"id":1}}
{"level":"info","message":"11d210eb-6b88-4613-9bc5-d335e2416d2f","timeStamp":"2022-07-30T10:54:03.734Z","to":{"id":2},"user":{"id":1}}
{"level":"info","message":"46c0d872-95f7-4476-bc3a-aaddfa174dff","timeStamp":"2022-07-30T10:54:03.751Z","to":{"id":3},"user":{"id":1}}
{"level":"info","message":"4ab65209-3e09-4fab-b647-fa0586189534","timeStamp":"2022-07-30T10:54:03.766Z","to":{"id":1},"user":{"id":1}}
{"level":"info","message":"74ddf7e8-e98b-4178-a4d4-4e3edb0dfbd1","timeStamp":"2022-07-30T10:54:03.767Z","to":{"id":5},"user":{"id":1}}
{"level":"info","message":"62467dc4-7809-4310-b181-21794c30140d","timeStamp":"2022-07-30T10:54:03.768Z","to":{"id":3},"user":{"id":1}}
{"level":"info","message":"b17869c9-58a3-4b0c-821a-b8b7e50c3b06","timeStamp":"2022-07-30T10:54:03.769Z","to":{"id":3},"user":{"id":1}}
{"level":"info","message":"e67fc1b4-aa75-4351-9983-2b9da0dbb232","timeStamp":"2022-07-30T10:54:03.782Z","to":{"id":4},"user":{"id":1}}
{"level":"info","message":"a3a8b921-3834-4d0b-84ec-dcf58ead31bd","timeStamp":"2022-07-30T10:54:03.800Z","to":{"id":5},"user":{"id":1}}
{"level":"info","message":"5cbf6875-fd99-4172-9b8a-043820329ab8","timeStamp":"2022-07-30T10:54:03.816Z","to":{"id":2},"user":{"id":1}}
{"level":"info","message":"b1c78a95-9779-423a-be8b-0c28f96ad362","timeStamp":"2022-07-30T10:54:03.822Z","to":{"id":2},"user":{"id":1}}
{"level":"info","message":"262e9f0a-d503-4129-a9a5-b7e9ff279bf6","timeStamp":"2022-07-30T10:54:03.825Z","to":{"id":4},"user":{"id":1}}
{"level":"info","message":"fcc3b575-7a1a-4629-a084-175a67b92889","timeStamp":"2022-07-30T10:54:03.830Z","to":{"id":5},"user":{"id":1}}
{"level":"info","message":"de4d3457-d238-4af8-b8f4-046a5a7bae0b","timeStamp":"2022-07-30T10:54:03.846Z","to":{"id":3},"user":{"id":1}}
{"level":"info","message":"18b146a3-c39b-43d5-806f-48a46db66f2c","timeStamp":"2022-07-30T10:54:03.861Z","to":{"id":4},"user":{"id":1}}
{"level":"info","message":"33349a61-b7d4-4b7b-a40b-9246cc7cd80e","timeStamp":"2022-07-30T10:54:03.877Z","to":{"id":4},"user":{"id":1}}
{"level":"info","message":"fb0f5d7f-0d6a-4797-9b66-2013e6db59a0","timeStamp":"2022-07-30T10:54:03.892Z","to":{"id":1},"user":{"id":1}}
{"level":"info","message":"9f5122c1-22ff-49d2-9099-05c5964c8ff3","timeStamp":"2022-07-30T10:54:03.893Z","to":{"id":3},"user":{"id":1}}
{"level":"info","message":"66f73422-3a93-4e3c-808e-7a975278829e","timeStamp":"2022-07-30T10:54:03.894Z","to":{"id":3},"user":{"id":1}}
{"level":"info","message":"5cf6eb0e-2cdd-46ff-9311-2efd76ecdc9b","timeStamp":"2022-07-30T10:54:03.908Z","to":{"id":3},"user":{"id":1}}
{"level":"info","message":"88ed4be4-630d-418b-9f5d-7c329b26cc73","timeStamp":"2022-07-30T10:54:03.924Z","to":{"id":3},"user":{"id":1}}
{"level":"info","message":"8bdcf307-f384-4000-b61e-def85461c312","timeStamp":"2022-07-30T10:54:03.925Z","to":{"id":5},"user":{"id":1}}
{"level":"info","message":"67e42bcc-2456-4372-9f17-2f450b520d55","timeStamp":"2022-07-30T10:54:03.927Z","to":{"id":4},"user":{"id":1}}
{"level":"info","message":"66a155a5-5791-4b72-8d35-a19487838d87","timeStamp":"2022-07-30T10:54:03.940Z","to":{"id":5},"user":{"id":1}}
{"level":"info","message":"828dda12-b830-4902-a31e-48e978ddc097","timeStamp":"2022-07-30T10:54:03.956Z","to":{"id":5},"user":{"id":1}}
{"level":"info","message":"668c3958-2939-46a6-9952-b848836e0a03","timeStamp":"2022-07-30T10:54:03.972Z","to":{"id":4},"user":{"id":1}}
{"level":"info","message":"4697d85e-22a8-4cf1-b638-c054407deee4","timeStamp":"2022-07-30T10:54:03.973Z","to":{"id":5},"user":{"id":1}}
{"level":"info","message":"88c9c607-ea7e-4868-abd1-9dfa235f6b49","timeStamp":"2022-07-30T10:54:03.974Z","to":{"id":5},"user":{"id":1}}
{"level":"info","message":"39e00e33-ffb1-4ea6-b0d5-ff689d9640f1","timeStamp":"2022-07-30T10:54:03.988Z","to":{"id":5},"user":{"id":1}}
{"level":"info","message":"d24989a0-e8d0-4988-a465-14644d101941","timeStamp":"2022-07-30T10:54:04.004Z","to":{"id":4},"user":{"id":1}}
{"level":"info","message":"8342f545-5ed4-4042-9d30-6109372eebb3","timeStamp":"2022-07-30T10:54:04.005Z","to":{"id":4},"user":{"id":1}}
{"level":"info","message":"7f62a64c-fdca-46c4-9b1b-777dfbd68d35","timeStamp":"2022-07-30T10:54:04.020Z","to":{"id":4},"user":{"id":1}}
{"level":"info","message":"9daa24ab-c3db-4f70-a049-2b4189961399","timeStamp":"2022-07-30T10:54:04.021Z","to":{"id":3},"user":{"id":1}}
{"level":"info","message":"88989ba4-f5a3-4da9-bf5b-3cb6126b9f19","timeStamp":"2022-07-30T10:54:04.036Z","to":{"id":4},"user":{"id":1}}
{"level":"info","message":"69732604-2f3f-4ad3-904b-46ecdbd1979d","timeStamp":"2022-07-30T10:54:04.052Z","to":{"id":4},"user":{"id":1}}
{"level":"info","message":"081ed59c-0a40-472f-9aa6-31e255c74829","timeStamp":"2022-07-30T10:54:04.053Z","to":{"id":4},"user":{"id":1}}
{"level":"info","message":"5900cce0-2b42-4807-bc75-e9b9bb657127","timeStamp":"2022-07-30T10:54:04.068Z","to":{"id":1},"user":{"id":1}}
{"level":"info","message":"c9a234e5-f72f-4dff-9cd7-435e02b5ec98","timeStamp":"2022-07-30T10:54:04.084Z","to":{"id":2},"user":{"id":1}}
{"level":"info","message":"ca47954a-2044-4b94-8664-2301bab6507b","timeStamp":"2022-07-30T10:54:04.100Z","to":{"id":2},"user":{"id":1}}
{"level":"info","message":"8adf11fa-e839-423d-a6ca-c18a676364e3","timeStamp":"2022-07-30T10:54:04.116Z","to":{"id":5},"user":{"id":1}}
{"level":"info","message":"077e199e-5be6-43b5-bf22-60036d319625","timeStamp":"2022-07-30T10:54:04.117Z","to":{"id":3},"user":{"id":1}}
{"level":"info","message":"771e126f-2e86-40ac-ae79-9f23ee936624","timeStamp":"2022-07-30T10:54:04.118Z","to":{"id":5},"user":{"id":1}}
{"level":"info","message":"41c80b6f-1648-47b3-9beb-a97131caa6fd","timeStamp":"2022-07-30T10:54:04.132Z","to":{"id":5},"user":{"id":1}}
{"level":"info","message":"4351ed48-5cfd-476e-9a9c-1bb8d0012e48","timeStamp":"2022-07-30T10:54:04.148Z","to":{"id":4},"user":{"id":1}}
{"level":"info","message":"78ad0f40-3a58-453c-8ea7-cf13e56d2a67","timeStamp":"2022-07-30T10:54:04.149Z","to":{"id":1},"user":{"id":1}}
{"level":"info","message":"3db87f18-9a9a-486c-b752-2bdbe82e184c","timeStamp":"2022-07-30T10:54:04.164Z","to":{"id":5},"user":{"id":1}}
{"level":"info","message":"5a0307ea-39ff-415d-9946-826ee94d62aa","timeStamp":"2022-07-30T10:54:04.180Z","to":{"id":2},"user":{"id":1}}
{"level":"info","message":"2e238ade-a60c-4580-b074-f54e59641018","timeStamp":"2022-07-30T10:54:04.196Z","to":{"id":5},"user":{"id":1}}
{"level":"info","message":"6f331033-85e6-4598-9a22-f121ce850cf3","timeStamp":"2022-07-30T10:54:04.197Z","to":{"id":3},"user":{"id":1}}
{"level":"info","message":"d863442b-a655-42d3-82ca-c7b19a828d10","timeStamp":"2022-07-30T10:54:04.198Z","to":{"id":3},"user":{"id":1}}
{"level":"info","message":"1d6b8729-aabf-40ea-b3ee-33a116ebc803","timeStamp":"2022-07-30T10:54:04.212Z","to":{"id":3},"user":{"id":1}}
{"level":"info","message":"4aea2de4-ab11-407c-9e92-e74e6e3e7d86","timeStamp":"2022-07-30T10:54:04.228Z","to":{"id":4},"user":{"id":1}}
{"level":"info","message":"e9ffcb51-8bb6-441b-b62e-37e27e6dc6f4","timeStamp":"2022-07-30T10:54:04.244Z","to":{"id":5},"user":{"id":1}}
{"level":"info","message":"eab6f597-2e2d-4625-b285-c55a1206d5a3","timeStamp":"2022-07-30T10:54:04.245Z","to":{"id":4},"user":{"id":1}}
{"level":"info","message":"c50895f9-6bfd-4d0a-b483-0124ba95161e","timeStamp":"2022-07-30T10:54:04.260Z","to":{"id":5},"user":{"id":1}}
{"level":"info","message":"afa32931-efe2-4664-a482-f4d09685ba03","timeStamp":"2022-07-30T10:54:04.276Z","to":{"id":3},"user":{"id":1}}
{"level":"info","message":"96de8420-4e37-4e63-ad27-62c5c96bbde5","timeStamp":"2022-07-30T10:54:04.277Z","to":{"id":3},"user":{"id":1}}
{"level":"info","message":"88e9ecc8-71d5-4370-a80e-dcb261abd840","timeStamp":"2022-07-30T10:54:04.278Z","to":{"id":1},"user":{"id":1}}
{"level":"info","message":"0495b6f8-138b-4554-8fae-f392bbb8bbd6","timeStamp":"2022-07-30T10:54:04.292Z","to":{"id":4},"user":{"id":1}}
{"level":"info","message":"bab71366-00dd-4798-ac9b-a1947e240400","timeStamp":"2022-07-30T10:54:04.294Z","to":{"id":5},"user":{"id":1}}
{"level":"info","message":"bfd35609-1f15-4a0c-8970-613be22dcdd6","timeStamp":"2022-07-30T10:54:04.308Z","to":{"id":5},"user":{"id":1}}
{"level":"info","message":"8b0e6a09-cfa1-4804-a4da-8144adae2e06","timeStamp":"2022-07-30T10:54:04.309Z","to":{"id":3},"user":{"id":1}}
{"level":"info","message":"5bba8ff5-187f-4c10-8edd-67899fb6b757","timeStamp":"2022-07-30T10:54:04.310Z","to":{"id":5},"user":{"id":1}}
{"level":"info","message":"d8dccc02-ce54-469b-b4c5-9ad566c8d155","timeStamp":"2022-07-30T10:54:04.324Z","to":{"id":5},"user":{"id":1}}
{"level":"info","message":"36836f77-c4b0-49fc-b63c-f7a72145f574","timeStamp":"2022-07-30T10:54:04.340Z","to":{"id":3},"user":{"id":1}}
{"level":"info","message":"ee105f10-26ea-48cf-8bb9-efd52b5feb89","timeStamp":"2022-07-30T10:54:04.341Z","to":{"id":5},"user":{"id":1}}
{"level":"info","message":"364caea4-91fc-4c19-b90f-4a1f937f069d","timeStamp":"2022-07-30T10:54:04.356Z","to":{"id":5},"user":{"id":1}}
{"level":"info","message":"454faec2-ff14-445f-bf25-af7ec60a367b","timeStamp":"2022-07-30T10:54:04.372Z","to":{"id":3},"user":{"id":1}}
{"level":"info","message":"f3671a74-1da7-4f57-96ec-942c6aa2e0ca","timeStamp":"2022-07-30T10:54:04.388Z","to":{"id":5},"user":{"id":1}}
{"level":"info","message":"1f07c2e2-01a5-4b71-aa49-33d681fcd382","timeStamp":"2022-07-30T10:54:04.389Z","to":{"id":4},"user":{"id":1}}
{"level":"info","message":"54444ebf-651d-4427-9fcf-e5c019cdd5da","timeStamp":"2022-07-30T10:54:04.390Z","to":{"id":4},"user":{"id":1}}
{"level":"info","message":"76730326-a5e4-449f-a26e-662418573e10","timeStamp":"2022-07-30T10:54:04.404Z","to":{"id":2},"user":{"id":1}}
{"level":"info","message":"5d1b9230-49c1-4ace-864c-30fff22809af","timeStamp":"2022-07-30T10:54:04.420Z","to":{"id":4},"user":{"id":1}}
{"level":"info","message":"a5d3fb4f-dad9-4ab3-97d9-eac5c19d133c","timeStamp":"2022-07-30T10:54:04.436Z","to":{"id":1},"user":{"id":1}}
{"level":"info","message":"c810c801-4e15-424f-a7b7-83360369e539","timeStamp":"2022-07-30T10:54:04.452Z","to":{"id":2},"user":{"id":1}}
{"level":"info","message":"6ed87f68-04dc-4bc3-b52c-a9e51c0cae8c","timeStamp":"2022-07-30T10:54:04.454Z","to":{"id":1},"user":{"id":1}}
{"level":"info","message":"648dcdcd-2927-4be9-a2b6-07de79ed924e","timeStamp":"2022-07-30T10:54:04.454Z","to":{"id":3},"user":{"id":1}}
{"level":"info","message":"b0909c32-9fe0-4481-9fc4-b7224e8196a6","timeStamp":"2022-07-30T10:54:04.455Z","to":{"id":4},"user":{"id":1}}
{"level":"info","message":"2e3aafc0-52b2-4c12-ba8a-a88ba73f4c05","timeStamp":"2022-07-30T10:54:04.468Z","to":{"id":3},"user":{"id":1}}
{"level":"info","message":"c63db335-f55c-4da1-9e1f-efebbd22b9e1","timeStamp":"2022-07-30T10:54:04.484Z","to":{"id":5},"user":{"id":1}}
{"level":"info","message":"d6bb8e1c-9a99-49ae-90bc-6441d799b099","timeStamp":"2022-07-30T10:54:04.500Z","to":{"id":2},"user":{"id":1}}
{"level":"info","message":"7c7651f6-c848-48ac-b2fc-65a111e10bcc","timeStamp":"2022-07-30T10:54:04.516Z","to":{"id":1},"user":{"id":1}}
{"level":"info","message":"146a4848-28f6-4c31-8ea2-2bb4f9ce1186","timeStamp":"2022-07-30T10:54:04.517Z","to":{"id":2},"user":{"id":1}}
{"level":"info","message":"4043070c-36d0-4c3e-a39c-3bb85d0fbdb4","timeStamp":"2022-07-30T10:54:04.518Z","to":{"id":5},"user":{"id":1}}
{"level":"info","message":"eae1fba3-5086-4f42-ba2f-110518d57b23","timeStamp":"2022-07-30T10:54:04.532Z","to":{"id":3},"user":{"id":1}}
{"level":"info","message":"70ba88cf-7db1-41e4-b18a-4248fc4d8edf","timeStamp":"2022-07-30T10:54:04.548Z","to":{"id":4},"user":{"id":1}}
{"level":"info","message":"deaa7191-a992-4968-bcec-9e133ce06c16","timeStamp":"2022-07-30T10:54:04.549Z","to":{"id":3},"user":{"id":1}}
{"level":"info","message":"1350e3c4-9281-494d-9c2c-6c6133d89a01","timeStamp":"2022-07-30T10:54:04.550Z","to":{"id":1},"user":{"id":1}}
{"level":"info","message":"20845539-4ad6-4519-a904-34b4ad60e0de","timeStamp":"2022-07-30T10:54:04.564Z","to":{"id":5},"user":{"id":1}}
{"level":"info","message":"ea8cf8eb-0cb4-4eb9-8b2b-68956bdecb6a","timeStamp":"2022-07-30T10:54:04.580Z","to":{"id":4},"user":{"id":1}}
{"level":"info","message":"6e670547-e99e-48c8-b7c5-a37f202a17ce","timeStamp":"2022-07-30T10:54:04.581Z","to":{"id":5},"user":{"id":1}}
{"level":"info","message":"0307d0ec-c497-41c5-bf4a-a2d9a704f5c7","timeStamp":"2022-07-30T10:54:04.596Z","to":{"id":3},"user":{"id":1}}
{"level":"info","message":"00aa3c71-71ba-4bb5-b8be-f3535421e7f4","timeStamp":"2022-07-30T10:54:04.612Z","to":{"id":4},"user":{"id":1}}
{"level":"info","message":"6c259758-65ad-43f3-86cb-9d9a59ec8042","timeStamp":"2022-07-30T10:54:04.628Z","to":{"id":4},"user":{"id":1}}
{"level":"info","message":"afab89d1-fcd4-44e9-9e4b-bdb3b61fb647","timeStamp":"2022-07-30T10:54:04.644Z","to":{"id":3},"user":{"id":1}}
{"level":"info","message":"f87f1a2d-e201-467d-8c18-a5e98d54c4c9","timeStamp":"2022-07-30T10:54:04.645Z","to":{"id":2},"user":{"id":1}}
{"level":"info","message":"e8cfb57a-73fc-40a0-af0e-135a95db7652","timeStamp":"2022-07-30T10:54:04.646Z","to":{"id":2},"user":{"id":1}}
{"level":"info","message":"28b5d68b-6624-4f9c-bfc7-2b5446868574","timeStamp":"2022-07-30T10:54:04.660Z","to":{"id":1},"user":{"id":1}}
{"level":"info","message":"da163515-798a-49cf-a460-5db807baedb4","timeStamp":"2022-07-30T10:54:04.664Z","to":{"id":1},"user":{"id":1}}
{"level":"info","message":"0ef678e6-5d2d-4e48-bb5d-93735f73c85b","timeStamp":"2022-07-30T10:54:04.677Z","to":{"id":4},"user":{"id":1}}
{"level":"info","message":"8caf160b-410b-42e7-8ed2-29a58bbd1765","timeStamp":"2022-07-30T10:54:04.692Z","to":{"id":3},"user":{"id":1}}
{"level":"info","message":"2cec0963-a78f-47db-943f-26979e1e3181","timeStamp":"2022-07-30T10:54:04.707Z","to":{"id":3},"user":{"id":1}}
{"level":"info","message":"09e9b8c8-24a0-4554-8212-dc7d7176094d","timeStamp":"2022-07-30T10:54:04.724Z","to":{"id":1},"user":{"id":1}}
{"level":"info","message":"056c3942-9bff-400e-b11e-a6d9541f5f19","timeStamp":"2022-07-30T10:54:04.738Z","to":{"id":3},"user":{"id":1}}
{"level":"info","message":"822bb922-090c-43b6-9c2f-b98c28d37c2d","timeStamp":"2022-07-30T10:54:04.739Z","to":{"id":3},"user":{"id":1}}
{"level":"info","message":"51ee5d07-1ff0-4006-b589-7af91c79f8a7","timeStamp":"2022-07-30T10:54:04.740Z","to":{"id":3},"user":{"id":1}}
{"level":"info","message":"d4c6a16c-085c-4132-8372-d148e7479a4f","timeStamp":"2022-07-30T10:54:04.754Z","to":{"id":4},"user":{"id":1}}
{"level":"info","message":"a67bc055-d267-4db2-9c0a-f6621ffd7aa7","timeStamp":"2022-07-30T10:54:04.770Z","to":{"id":3},"user":{"id":1}}
{"level":"info","message":"3ee73f7a-f658-4170-bbc9-e1c23b506866","timeStamp":"2022-07-30T10:54:04.786Z","to":{"id":3},"user":{"id":1}}
{"level":"info","message":"b06fc42e-51eb-4d18-bd0b-53471d98557c","timeStamp":"2022-07-30T10:54:04.787Z","to":{"id":5},"user":{"id":1}}
{"level":"info","message":"7199edb1-1b0d-4317-914c-44e5ac4d3346","timeStamp":"2022-07-30T10:54:04.788Z","to":{"id":3},"user":{"id":1}}
{"level":"info","message":"da2658a4-3f48-4579-bece-adbc31568275","timeStamp":"2022-07-30T10:54:04.802Z","to":{"id":5},"user":{"id":1}}
{"level":"info","message":"0d15eaf4-2998-4812-aa40-ac9e1674dec7","timeStamp":"2022-07-30T10:54:04.818Z","to":{"id":4},"user":{"id":1}}
{"level":"info","message":"a5b4a171-c00e-4fe4-87fb-52a2fdee9051","timeStamp":"2022-07-30T10:54:04.819Z","to":{"id":2},"user":{"id":1}}
{"level":"info","message":"acb822d1-3e02-475c-afe6-b6790fc4f900","timeStamp":"2022-07-30T10:54:04.820Z","to":{"id":3},"user":{"id":1}}
{"level":"info","message":"876db90c-717b-4351-8dff-089370449910","timeStamp":"2022-07-30T10:54:04.833Z","to":{"id":1},"user":{"id":1}}
{"level":"info","message":"0bc58c3e-16d8-44db-a069-9cf06096e3fb","timeStamp":"2022-07-30T10:54:04.834Z","to":{"id":5},"user":{"id":1}}
{"level":"info","message":"0888b373-b856-478c-92cc-3d3d301529dc","timeStamp":"2022-07-30T10:54:04.848Z","to":{"id":4},"user":{"id":1}}
{"level":"info","message":"08056659-b99f-4e6f-85e5-bf4f425a9e86","timeStamp":"2022-07-30T10:54:04.863Z","to":{"id":4},"user":{"id":1}}
{"level":"info","message":"18ddb052-d72b-4088-b769-fdd45a529d1e","timeStamp":"2022-07-30T10:54:04.864Z","to":{"id":1},"user":{"id":1}}
{"level":"info","message":"791204f1-4943-48a9-a6fd-6efd53920f31","timeStamp":"2022-07-30T10:54:04.865Z","to":{"id":4},"user":{"id":1}}
{"level":"info","message":"9f796ad0-11e7-4034-b91f-44e69d5d52f8","timeStamp":"2022-07-30T10:54:04.879Z","to":{"id":4},"user":{"id":1}}
{"level":"info","message":"a81e988c-dfcc-46f4-8942-fe6fd4bef0c9","timeStamp":"2022-07-30T10:54:04.894Z","to":{"id":3},"user":{"id":1}}
{"level":"info","message":"59f398b1-ae16-4575-9c67-5fa9ef4ce4cb","timeStamp":"2022-07-30T10:54:04.910Z","to":{"id":2},"user":{"id":1}}
{"level":"info","message":"8ee4831f-c0e3-412b-93e3-8249be90a727","timeStamp":"2022-07-30T10:54:04.926Z","to":{"id":1},"user":{"id":1}}
{"level":"info","message":"0ad1d881-06c8-46ba-a461-3d8b6cc83c3a","timeStamp":"2022-07-30T10:54:04.941Z","to":{"id":2},"user":{"id":1}}
{"level":"info","message":"fe0c54c5-3ae7-4577-9015-e6f26971f3aa","timeStamp":"2022-07-30T10:54:04.957Z","to":{"id":4},"user":{"id":1}}
{"level":"info","message":"8e5a2300-aab6-4c1b-baa4-fe49126efc85","timeStamp":"2022-07-30T10:54:04.972Z","to":{"id":3},"user":{"id":1}}
{"level":"info","message":"efc3d4b5-2fce-4391-bf36-dd8a875e7bb1","timeStamp":"2022-07-30T10:54:04.988Z","to":{"id":1},"user":{"id":1}}
{"level":"info","message":"0338ed3b-6fc6-415a-8be5-b3ebacdc0d0b","timeStamp":"2022-07-30T10:54:05.004Z","to":{"id":5},"user":{"id":1}}
{"level":"info","message":"d3f0a062-07ce-44f9-b17a-3ab3fbe26238","timeStamp":"2022-07-30T10:54:05.005Z","to":{"id":4},"user":{"id":1}}
{"level":"info","message":"28327f0c-05f7-4468-9e3c-cd020d13a716","timeStamp":"2022-07-30T10:54:05.021Z","to":{"id":1},"user":{"id":1}}
{"level":"info","message":"3ff54f6f-ceaf-4a9c-be11-a843e0285900","timeStamp":"2022-07-30T10:54:05.036Z","to":{"id":2},"user":{"id":1}}
{"level":"info","message":"18e6db13-18c8-4fa8-bee6-0c45412a06f7","timeStamp":"2022-07-30T10:54:05.052Z","to":{"id":4},"user":{"id":1}}
